{
  "RSpec": {
    "coverage": {
      "/home/calypso/ubuntuDocs/my_Rails_projects/my_forum/bin/spring": {
        "lines": [
          null,
          null,
          null,
          null,
          null,
          1,
          0,
          0,
          null,
          0,
          0,
          0,
          0,
          0,
          0,
          null,
          null
        ]
      },
      "/home/calypso/ubuntuDocs/my_Rails_projects/my_forum/app/channels/application_cable/channel.rb": {
        "lines": [
          0,
          0,
          0,
          0
        ],
        "branches": {
        }
      },
      "/home/calypso/ubuntuDocs/my_Rails_projects/my_forum/app/channels/application_cable/connection.rb": {
        "lines": [
          0,
          0,
          0,
          0
        ],
        "branches": {
        }
      },
      "/home/calypso/ubuntuDocs/my_Rails_projects/my_forum/app/jobs/application_job.rb": {
        "lines": [
          0,
          null,
          null,
          null,
          null,
          null,
          0
        ],
        "branches": {
        }
      },
      "/home/calypso/ubuntuDocs/my_Rails_projects/my_forum/app/helpers/application_helper.rb": {
        "lines": [
          0,
          0
        ],
        "branches": {
        }
      },
      "/home/calypso/ubuntuDocs/my_Rails_projects/my_forum/app/helpers/static_pages_helper.rb": {
        "lines": [
          0,
          0
        ],
        "branches": {
        }
      },
      "/home/calypso/ubuntuDocs/my_Rails_projects/my_forum/app/controllers/static_pages_controller.rb": {
        "lines": [
          0,
          0,
          0,
          null,
          0,
          0,
          0
        ],
        "branches": {
        }
      },
      "/home/calypso/ubuntuDocs/my_Rails_projects/my_forum/app/controllers/application_controller.rb": {
        "lines": [
          0,
          0
        ],
        "branches": {
        }
      },
      "/home/calypso/ubuntuDocs/my_Rails_projects/my_forum/app/models/application_record.rb": {
        "lines": [
          0,
          0,
          0
        ],
        "branches": {
        }
      },
      "/home/calypso/ubuntuDocs/my_Rails_projects/my_forum/app/mailers/application_mailer.rb": {
        "lines": [
          0,
          0,
          0,
          0
        ],
        "branches": {
        }
      }
    },
    "timestamp": 1601054947
  }
}
